2023.02.28 15:16:55 INFO  Started: Metals version 0.11.9 in workspace '/Users/anthony/.config' for client Neovim 0.9.0.[0m
2023.02.28 15:16:56 INFO  time: initialize in 1.2s[0m
2023.02.28 15:16:56 WARN  Build server is not auto-connectable.[0m
2023.02.28 15:16:56 WARN  no build tool detected in workspace '/Users/anthony/.config'. The most common cause for this problem is that the editor was opened in the wrong working directory, for example if you use sbt then the workspace directory should contain build.sbt. [0m
2023.02.28 15:22:31 INFO  shutting down Metals[0m
2023.02.28 19:49:38 INFO  tracing is disabled for protocol LSP, to enable tracing of incoming and outgoing JSON messages create an empty file at /Users/anthony/.config/.metals/lsp.trace.json or /Users/anthony/Library/Caches/org.scalameta.metals/lsp.trace.json[0m
2023.02.28 19:49:38 INFO  logging to file /Users/anthony/.config/.metals/metals.log[0m
2023.02.28 19:49:38 INFO  Started: Metals version 0.11.9 in workspace '/Users/anthony/.config' for client Neovim 0.9.0.[0m
2023.02.28 19:49:39 INFO  time: initialize in 1.04s[0m
2023.02.28 19:49:39 WARN  Build server is not auto-connectable.[0m
2023.02.28 19:49:39 WARN  no build tool detected in workspace '/Users/anthony/.config'. The most common cause for this problem is that the editor was opened in the wrong working directory, for example if you use sbt then the workspace directory should contain build.sbt. [0m
2023.02.28 19:52:00 INFO  shutting down Metals[0m
2023.03.01 10:24:35 INFO  Started: Metals version 0.11.9 in workspace '/Users/anthony/.config' for client Neovim 0.9.0.[0m
2023.03.01 10:24:36 INFO  time: initialize in 1.05s[0m
2023.03.01 10:24:36 WARN  Build server is not auto-connectable.[0m
2023.03.01 10:24:36 WARN  no build tool detected in workspace '/Users/anthony/.config'. The most common cause for this problem is that the editor was opened in the wrong working directory, for example if you use sbt then the workspace directory should contain build.sbt. [0m
2023.03.01 10:25:58 INFO  shutting down Metals[0m
2023.03.01 10:29:16 INFO  Started: Metals version 0.11.9 in workspace '/Users/anthony/.config' for client Neovim 0.9.0.[0m
2023.03.01 10:29:17 INFO  time: initialize in 1.04s[0m
2023.03.01 10:29:17 WARN  Build server is not auto-connectable.[0m
2023.03.01 10:29:17 WARN  no build tool detected in workspace '/Users/anthony/.config'. The most common cause for this problem is that the editor was opened in the wrong working directory, for example if you use sbt then the workspace directory should contain build.sbt. [0m
2023.03.01 10:29:30 INFO  shutting down Metals[0m
2023.03.01 10:56:37 INFO  Started: Metals version 0.11.9 in workspace '/Users/anthony/.config' for client Neovim 0.9.0.[0m
2023.03.01 10:56:38 INFO  time: initialize in 0.92s[0m
2023.03.01 10:56:38 WARN  Build server is not auto-connectable.[0m
2023.03.01 10:56:38 WARN  no build tool detected in workspace '/Users/anthony/.config'. The most common cause for this problem is that the editor was opened in the wrong working directory, for example if you use sbt then the workspace directory should contain build.sbt. [0m
2023.03.01 10:56:57 INFO  shutting down Metals[0m
2023.03.01 10:58:44 INFO  Started: Metals version 0.11.9 in workspace '/Users/anthony/.config' for client Neovim 0.9.0.[0m
2023.03.01 10:58:45 INFO  time: initialize in 0.9s[0m
2023.03.01 10:58:45 WARN  Build server is not auto-connectable.[0m
2023.03.01 10:58:45 WARN  no build tool detected in workspace '/Users/anthony/.config'. The most common cause for this problem is that the editor was opened in the wrong working directory, for example if you use sbt then the workspace directory should contain build.sbt. [0m
2023.03.01 10:58:54 INFO  shutting down Metals[0m
2023.03.01 10:59:04 INFO  Started: Metals version 0.11.9 in workspace '/Users/anthony/.config' for client Neovim 0.9.0.[0m
2023.03.01 10:59:05 INFO  time: initialize in 1s[0m
2023.03.01 10:59:05 WARN  Build server is not auto-connectable.[0m
2023.03.01 10:59:05 WARN  no build tool detected in workspace '/Users/anthony/.config'. The most common cause for this problem is that the editor was opened in the wrong working directory, for example if you use sbt then the workspace directory should contain build.sbt. [0m
2023.03.01 11:00:09 INFO  shutting down Metals[0m
2023.03.01 11:00:18 INFO  Started: Metals version 0.11.9 in workspace '/Users/anthony/.config' for client Neovim 0.9.0.[0m
2023.03.01 11:00:19 INFO  time: initialize in 1.05s[0m
2023.03.01 11:00:20 WARN  Build server is not auto-connectable.[0m
2023.03.01 11:00:20 WARN  no build tool detected in workspace '/Users/anthony/.config'. The most common cause for this problem is that the editor was opened in the wrong working directory, for example if you use sbt then the workspace directory should contain build.sbt. [0m
2023.03.01 11:00:23 INFO  shutting down Metals[0m
2023.03.01 11:00:35 INFO  Started: Metals version 0.11.9 in workspace '/Users/anthony/.config' for client Neovim 0.9.0.[0m
2023.03.01 11:00:36 INFO  time: initialize in 0.96s[0m
2023.03.01 11:00:36 WARN  Build server is not auto-connectable.[0m
2023.03.01 11:00:36 WARN  no build tool detected in workspace '/Users/anthony/.config'. The most common cause for this problem is that the editor was opened in the wrong working directory, for example if you use sbt then the workspace directory should contain build.sbt. [0m
2023.03.01 11:00:58 INFO  shutting down Metals[0m
2023.03.01 11:16:47 INFO  Started: Metals version 0.11.9 in workspace '/Users/anthony/.config' for client Neovim 0.9.0.[0m
2023.03.01 11:16:48 INFO  time: initialize in 0.93s[0m
2023.03.01 11:16:48 WARN  Build server is not auto-connectable.[0m
2023.03.01 11:16:48 WARN  no build tool detected in workspace '/Users/anthony/.config'. The most common cause for this problem is that the editor was opened in the wrong working directory, for example if you use sbt then the workspace directory should contain build.sbt. [0m
2023.03.01 11:17:20 INFO  shutting down Metals[0m
2023.03.01 11:17:41 INFO  Started: Metals version 0.11.9 in workspace '/Users/anthony/.config' for client Neovim 0.9.0.[0m
2023.03.01 11:17:42 INFO  time: initialize in 1.03s[0m
2023.03.01 11:17:42 WARN  Build server is not auto-connectable.[0m
2023.03.01 11:17:42 WARN  no build tool detected in workspace '/Users/anthony/.config'. The most common cause for this problem is that the editor was opened in the wrong working directory, for example if you use sbt then the workspace directory should contain build.sbt. [0m
2023.03.01 11:20:01 INFO  shutting down Metals[0m
2023.03.01 11:20:09 INFO  Started: Metals version 0.11.9 in workspace '/Users/anthony/.config' for client Neovim 0.9.0.[0m
2023.03.01 11:20:10 INFO  time: initialize in 0.89s[0m
2023.03.01 11:20:10 WARN  Build server is not auto-connectable.[0m
2023.03.01 11:20:10 WARN  no build tool detected in workspace '/Users/anthony/.config'. The most common cause for this problem is that the editor was opened in the wrong working directory, for example if you use sbt then the workspace directory should contain build.sbt. [0m
2023.03.01 11:21:53 INFO  shutting down Metals[0m
2023.03.01 11:22:04 INFO  Started: Metals version 0.11.9 in workspace '/Users/anthony/.config' for client Neovim 0.9.0.[0m
2023.03.01 11:22:05 INFO  time: initialize in 0.96s[0m
2023.03.01 11:22:05 WARN  Build server is not auto-connectable.[0m
2023.03.01 11:22:05 WARN  no build tool detected in workspace '/Users/anthony/.config'. The most common cause for this problem is that the editor was opened in the wrong working directory, for example if you use sbt then the workspace directory should contain build.sbt. [0m
2023.03.01 11:36:50 INFO  shutting down Metals[0m
2023.03.01 11:53:07 INFO  Started: Metals version 0.11.9 in workspace '/Users/anthony/.config' for client Neovim 0.9.0.[0m
2023.03.01 11:53:08 INFO  time: initialize in 0.95s[0m
2023.03.01 11:53:08 WARN  Build server is not auto-connectable.[0m
2023.03.01 11:53:08 WARN  no build tool detected in workspace '/Users/anthony/.config'. The most common cause for this problem is that the editor was opened in the wrong working directory, for example if you use sbt then the workspace directory should contain build.sbt. [0m
2023.03.01 12:03:24 INFO  shutting down Metals[0m
2023.03.01 12:06:00 INFO  Started: Metals version 0.11.9 in workspace '/Users/anthony/.config' for client Neovim 0.9.0.[0m
2023.03.01 12:06:01 INFO  time: initialize in 1.04s[0m
2023.03.01 12:06:01 WARN  Build server is not auto-connectable.[0m
2023.03.01 12:06:01 WARN  no build tool detected in workspace '/Users/anthony/.config'. The most common cause for this problem is that the editor was opened in the wrong working directory, for example if you use sbt then the workspace directory should contain build.sbt. [0m
2023.03.01 12:06:44 INFO  shutting down Metals[0m
2023.03.01 12:19:22 INFO  Started: Metals version 0.11.9 in workspace '/Users/anthony/.config' for client Neovim 0.9.0.[0m
2023.03.01 12:19:23 INFO  time: initialize in 1.07s[0m
2023.03.01 12:19:23 WARN  Build server is not auto-connectable.[0m
2023.03.01 12:19:23 WARN  no build tool detected in workspace '/Users/anthony/.config'. The most common cause for this problem is that the editor was opened in the wrong working directory, for example if you use sbt then the workspace directory should contain build.sbt. [0m
2023.03.01 12:19:40 INFO  shutting down Metals[0m
2023.03.01 12:22:34 INFO  Started: Metals version 0.11.9 in workspace '/Users/anthony/.config' for client Neovim 0.9.0.[0m
2023.03.01 12:22:35 INFO  time: initialize in 1.18s[0m
2023.03.01 12:22:35 WARN  Build server is not auto-connectable.[0m
2023.03.01 12:22:35 WARN  no build tool detected in workspace '/Users/anthony/.config'. The most common cause for this problem is that the editor was opened in the wrong working directory, for example if you use sbt then the workspace directory should contain build.sbt. [0m
2023.03.01 12:22:51 INFO  shutting down Metals[0m
